c:\users\advantech\source\repos\term\susi_app\x64\debug\vc143.pdb
c:\users\advantech\source\repos\term\susi_app\x64\debug\main_frame.obj
c:\users\advantech\source\repos\term\susi_app\x64\debug\app.obj
c:\users\kai.son\source\repos\susi_app\x64\debug\vc143.pdb
c:\users\kai.son\source\repos\susi_app\x64\debug\main_frame.obj
c:\users\kai.son\source\repos\susi_app\x64\debug\gpio.obj
c:\users\advantech\source\repos\term\x64\debug\susi_app.exe
c:\users\advantech\source\repos\term\x64\debug\susi_app.pdb
c:\users\advantech\source\repos\term\susi_app\x64\debug\susi_app.ipdb
c:\users\advantech\source\repos\term\susi_app\x64\debug\susi_app.iobj
c:\users\kai.son\source\repos\susi_app\x64\debug\susi_app.ipdb
c:\users\kai.son\source\repos\susi_app\x64\debug\susi_app.iobj
c:\users\kai.son\source\repos\serial_port_term\x64\debug\susi_app.pdb
c:\users\kai.son\source\repos\serial_port_term\x64\debug\susi_app.exe
c:\users\kai.son\source\repos\susi_app\x64\debug\susi_app.tlog\cl.command.1.tlog
c:\users\kai.son\source\repos\susi_app\x64\debug\susi_app.tlog\cl.items.tlog
c:\users\kai.son\source\repos\susi_app\x64\debug\susi_app.tlog\cl.read.1.tlog
c:\users\kai.son\source\repos\susi_app\x64\debug\susi_app.tlog\cl.write.1.tlog
c:\users\kai.son\source\repos\susi_app\x64\debug\susi_app.tlog\link.command.1.tlog
c:\users\kai.son\source\repos\susi_app\x64\debug\susi_app.tlog\link.read.1.tlog
c:\users\kai.son\source\repos\susi_app\x64\debug\susi_app.tlog\link.secondary.1.tlog
c:\users\kai.son\source\repos\susi_app\x64\debug\susi_app.tlog\link.write.1.tlog
